<?xml version="1.0" encoding="UTF-8"?>
<testng-results skipped="0" failed="0" ignored="0" total="0" passed="0">
  <reporter-output>
  </reporter-output>
  <suite name="org.example.testRunner.TestRunner" duration-ms="157" started-at="2022-09-13T22:13:15 EET" finished-at="2022-09-13T22:13:15 EET">
    <groups>
      <group name="cucumber">
        <method signature="AbstractTestNGCucumberTests.runScenario(io.cucumber.testng.PickleWrapper,io.cucumber.testng.FeatureWrapper)[pri:0, instance:org.example.testRunner.TestRunner@30a3107a]" name="runScenario" class="io.cucumber.testng.AbstractTestNGCucumberTests"/>
      </group> <!-- cucumber -->
    </groups>
    <test name="Command line test" duration-ms="157" started-at="2022-09-13T22:13:15 EET" finished-at="2022-09-13T22:13:15 EET">
      <class name="org.example.testRunner.TestRunner">
        <test-method status="PASS" signature="setUpClass(org.testng.ITestContext)[pri:0, instance:org.example.testRunner.TestRunner@30a3107a]" name="setUpClass" is-config="true" duration-ms="125" started-at="2022-09-13T22:13:15 EET" finished-at="2022-09-13T22:13:15 EET">
          <params>
            <param index="0">
              <value>
                <![CDATA[org.testng.TestRunner@8dbdac1]]>
              </value>
            </param>
          </params>
          <reporter-output>
          </reporter-output>
        </test-method> <!-- setUpClass -->
        <test-method status="PASS" signature="tearDownClass()[pri:0, instance:org.example.testRunner.TestRunner@30a3107a]" name="tearDownClass" is-config="true" duration-ms="0" started-at="2022-09-13T22:13:15 EET" finished-at="2022-09-13T22:13:15 EET">
          <reporter-output>
          </reporter-output>
        </test-method> <!-- tearDownClass -->
      </class> <!-- org.example.testRunner.TestRunner -->
    </test> <!-- Command line test -->
  </suite> <!-- org.example.testRunner.TestRunner -->
</testng-results>
